number,value,datetime_start,datetime_complete,duration,params_bagging_temperature,params_depth,params_l2_leaf_reg,params_learning_rate,params_random_strength,user_attrs_inner_mae_std,user_attrs_inner_maes,state,outer_fold,outer_val_season
0,2.364431868457888,2026-08-10 05:26:18.436222,2026-08-10 05:27:54.308344,0 days 00:01:35.872122,1.9001860301761613,5,5.112505935948856,0.014806639229849893,0.0039574208838629825,0.03294156642574941,"[2.3593130074118647, 2.32689057399909, 2.407092023962709]",COMPLETE,1,2020-2021
1,2.3588353055301874,2026-08-10 05:27:54.313349,2026-08-10 05:29:21.171383,0 days 00:01:26.858034,1.9411859187290836,5,1.7379040838432596,0.015069894778936563,0.007132800525536057,0.027701487996011236,"[2.3565952838270205, 2.326083567344162, 2.393827065419379]",COMPLETE,1,2020-2021
2,2.3519991718018405,2026-08-10 05:29:21.175374,2026-08-10 05:30:28.911963,0 days 00:01:07.736589,0.3335820376143108,8,0.06554888754702204,0.02402037397029213,0.00516025329927254,0.03383049537316222,"[2.3398415182167756, 2.318004351140348, 2.3981516460483983]",COMPLETE,1,2020-2021
3,2.3525182558190356,2026-08-10 05:30:28.914960,2026-08-10 05:31:48.684414,0 days 00:01:19.769454,1.4697810062698171,7,0.025581310343260215,0.019423217258018592,0.31176832902715307,0.0327839953870793,"[2.3419795305049833, 2.3186866340654837, 2.39688860288664]",COMPLETE,1,2020-2021
4,2.3560036601898977,2026-08-10 05:31:48.687413,2026-08-10 05:32:42.985087,0 days 00:00:54.297674,0.9087734589644403,6,5.041470949972123,0.03457495084226444,0.0630518605307692,0.03083450840543847,"[2.352859974308023, 2.3199093606124586, 2.395241645649212]",COMPLETE,1,2020-2021
5,2.3420353272761654,2026-08-10 05:32:42.987087,2026-08-10 05:33:10.285880,0 days 00:00:27.298793,1.3103265915500875,4,4.741676192448358,0.025064121198136884,2.9945872820650576,,,PRUNED,1,2020-2021
6,2.361576254349608,2026-08-10 05:33:10.288881,2026-08-10 05:33:20.447537,0 days 00:00:10.158656,0.15361145972887136,6,0.015078360354216473,0.055114954545088954,0.004399981670109355,,,PRUNED,1,2020-2021
7,2.357382631498672,2026-08-10 05:33:20.450533,2026-08-10 05:34:02.388453,0 days 00:00:41.937920,0.6820410791860918,6,0.6100987646390844,0.04679347801942332,0.5661897209403929,0.031659418942549325,"[2.3476135588873843, 2.3244266851579973, 2.400107650450634]",COMPLETE,1,2020-2021
8,2.3514584777230656,2026-08-10 05:34:02.391454,2026-08-10 05:34:24.586311,0 days 00:00:22.194857,1.1065721290135575,6,6.860466437250665,0.016802840707363223,0.10123734849571585,,,PRUNED,1,2020-2021
9,2.3530050613598483,2026-08-10 05:34:24.588312,2026-08-10 05:35:39.007094,0 days 00:01:14.418782,1.6257998312808397,8,1.8514876435398029,0.04369260307000526,0.2020662604762416,0.03935388105586073,"[2.330722770386138, 2.3199792897824523, 2.4083131239109545]",COMPLETE,1,2020-2021
10,2.351102224094804,2026-08-10 05:35:39.011094,2026-08-10 05:35:47.915800,0 days 00:00:08.904706,0.00034087330564835927,8,0.11569569147227637,0.13364533016487876,0.0011974004499821867,,,PRUNED,1,2020-2021
11,2.356636826793624,2026-08-10 05:35:47.918806,2026-08-10 05:36:17.723756,0 days 00:00:29.804950,0.5241199533802438,7,0.023148874223999263,0.01024419238512907,0.018564109359862097,,,PRUNED,1,2020-2021
12,2.351929944993226,2026-08-10 05:36:17.728756,2026-08-10 05:36:34.365689,0 days 00:00:16.636933,1.435565643696379,7,0.07114678452755681,0.025099798738339583,2.3619104853425177,,,PRUNED,1,2020-2021
13,2.3477378837937892,2026-08-10 05:36:34.367671,2026-08-10 05:36:42.428464,0 days 00:00:08.060793,0.30274372066512206,8,0.09824505939754301,0.08445003395837679,0.040803606411581386,,,PRUNED,1,2020-2021
14,2.359213826151014,2026-08-10 05:36:42.429460,2026-08-10 05:36:57.420410,0 days 00:00:14.990950,0.7954049460029597,7,0.03614863243915758,0.027126632895719906,0.5399054810999002,,,PRUNED,1,2020-2021
0,2.3531402672844446,2026-08-10 05:37:47.108669,2026-08-10 05:38:33.628994,0 days 00:00:46.520325,1.8281416153319876,7,0.5841965320720277,0.053762494320805994,0.19162190965722323,0.039662169221550275,"[2.311079777480004, 2.406307996517213, 2.3420330278561163]",COMPLETE,2,2021-2022
1,2.3486291565508473,2026-08-10 05:38:33.631998,2026-08-10 05:38:53.900882,0 days 00:00:20.268884,1.0954440297461379,5,0.19165468813070394,0.12157277286199462,0.1675159496293046,0.0176659992471019,"[2.3294536266683816, 2.372086153063905, 2.3443476899202547]",COMPLETE,2,2021-2022
2,2.362057756465069,2026-08-10 05:38:53.903883,2026-08-10 05:39:43.751460,0 days 00:00:49.847577,1.0224782815350362,8,0.2531024905754316,0.033772502793670445,0.0675649661168369,0.02883408384195901,"[2.332745873336834, 2.40126398758176, 2.352163408476613]",COMPLETE,2,2021-2022
3,2.3558154766351787,2026-08-10 05:39:43.754467,2026-08-10 05:40:21.152374,0 days 00:00:37.397907,0.7609505427397749,5,9.38130600633775,0.051754511438458974,0.21293394330170354,0.031725199406051494,"[2.3336906111825693, 2.4006802785470676, 2.3330755401758987]",COMPLETE,2,2021-2022
4,2.3608358313316207,2026-08-10 05:40:21.155361,2026-08-10 05:42:26.670422,0 days 00:02:05.515061,1.4666304787720816,8,0.03681153836714184,0.011562472350028184,1.7701667950113096,0.03809991207274477,"[2.326768021871185, 2.4140214057169445, 2.3417180664067327]",COMPLETE,2,2021-2022
5,2.3299345094485955,2026-08-10 05:42:26.675407,2026-08-10 05:42:34.372271,0 days 00:00:07.696864,1.7699968417165322,6,0.02360780326110868,0.08021576394351584,0.001724388063552219,,,PRUNED,2,2021-2022
6,2.334185563398728,2026-08-10 05:42:34.377282,2026-08-10 05:43:05.211026,0 days 00:00:30.833744,1.2737326758699692,4,0.1444420764244803,0.010241165598979534,0.565035715316131,,,PRUNED,2,2021-2022
7,2.351921674826093,2026-08-10 05:43:05.214027,2026-08-10 05:43:19.687166,0 days 00:00:14.473139,0.9118067758461839,5,0.20554357964410871,0.1462939874228049,0.13395260349633056,0.031991425770376024,"[2.3183878271646092, 2.3949904575264003, 2.3423867397872713]",COMPLETE,2,2021-2022
8,2.354824476643269,2026-08-10 05:43:19.692164,2026-08-10 05:46:05.968992,0 days 00:02:46.276828,0.4296804440605597,6,12.84092909378076,0.011114695216957297,0.006870107497216659,0.034958706685054304,"[2.322227980528862, 2.4033138428922203, 2.3389316065087247]",COMPLETE,2,2021-2022
9,2.3707238867014175,2026-08-10 05:46:05.972507,2026-08-10 05:46:29.858154,0 days 00:00:23.885647,0.10773008817828811,8,0.25147010472679326,0.09684547618663013,0.7784175942174748,0.046876247157543224,"[2.325524931961318, 2.435321753197295, 2.351324974945639]",COMPLETE,2,2021-2022
10,2.3326750094923514,2026-08-10 05:46:29.861155,2026-08-10 05:46:41.840539,0 days 00:00:11.979384,0.04894497906622308,4,4.304502221734733,0.021131076146594818,0.014831119582454673,,,PRUNED,2,2021-2022
11,2.329872771195467,2026-08-10 05:46:41.843526,2026-08-10 05:46:46.865924,0 days 00:00:05.022398,0.8958490313161719,5,1.3161242389261374,0.13866059391983898,0.037715928661189765,,,PRUNED,2,2021-2022
12,2.3296337548448403,2026-08-10 05:46:46.868900,2026-08-10 05:46:53.591854,0 days 00:00:06.722954,0.5509107413456897,5,0.0738890376846542,0.14932855448857066,4.608228380158153,,,PRUNED,2,2021-2022
13,2.333250830271397,2026-08-10 05:46:53.601874,2026-08-10 05:47:00.518305,0 days 00:00:06.916431,1.22101298041755,6,0.010864978752717283,0.09232216246228883,0.10911175352312551,,,PRUNED,2,2021-2022
14,2.3329331294309177,2026-08-10 05:47:00.522308,2026-08-10 05:47:07.964013,0 days 00:00:07.441705,1.510913136081578,5,1.2251652161756128,0.1136639889214695,0.02267913275768112,,,PRUNED,2,2021-2022
0,2.398067698852351,2026-08-10 05:47:27.054404,2026-08-10 05:48:34.399683,0 days 00:01:07.345279,1.5656647399587598,5,0.036239149333817375,0.01864694911829901,0.008972112465833846,0.043149306730130635,"[2.3929157855218013, 2.347985442969988, 2.453301868065264]",COMPLETE,3,2022-2023
1,2.4060720132715687,2026-08-10 05:48:34.402680,2026-08-10 05:49:15.668200,0 days 00:00:41.265520,1.0535222829324458,8,1.6422108774231945,0.060782543916386204,0.02162392639431045,0.04053723878282802,"[2.4078694121191804, 2.355549946265131, 2.4547966814303943]",COMPLETE,3,2022-2023
2,2.403403275068322,2026-08-10 05:49:15.671207,2026-08-10 05:50:35.130747,0 days 00:01:19.459540,1.5679948011263827,7,1.9011035754999115,0.019650155848972683,0.7775729113967866,0.04913759101704649,"[2.3969583985406846, 2.3467040815841194, 2.466547345080161]",COMPLETE,3,2022-2023
3,2.3888433736948484,2026-08-10 05:50:35.133749,2026-08-10 05:51:01.945354,0 days 00:00:26.811605,1.4598196845307594,4,5.448674066106132,0.13840299724396002,0.06481750971048783,0.057363124601946466,"[2.3877241649042418, 2.3191544718789165, 2.4596514843013866]",COMPLETE,3,2022-2023
4,2.4087737345247873,2026-08-10 05:51:01.949364,2026-08-10 05:51:51.702716,0 days 00:00:49.753352,1.8735425683393465,7,0.6227788538614699,0.03848243113235904,0.2798196625513979,0.042018350209710696,"[2.405945961656217, 2.3587841638090747, 2.4615910781090706]",COMPLETE,3,2022-2023
5,2.403953645325561,2026-08-10 05:51:51.706719,2026-08-10 05:52:20.385050,0 days 00:00:28.678331,1.0871160892383394,6,0.17454609647456312,0.07713278768104695,0.004550258185916355,0.04941010355990225,"[2.3927766967283386, 2.349806499046985, 2.4692777402013597]",COMPLETE,3,2022-2023
6,2.402814932433653,2026-08-10 05:52:20.388061,2026-08-10 05:52:54.114079,0 days 00:00:33.726018,0.5785719406900149,7,4.248498630544682,0.018737456446894146,0.23137910403412185,,,PRUNED,3,2022-2023
7,2.392096028239262,2026-08-10 05:52:54.117079,2026-08-10 05:53:37.369289,0 days 00:00:43.252210,1.065966756465315,5,10.736358767647047,0.05885640348474968,0.7302621598117415,0.04994722928802575,"[2.3872781712352045, 2.3334748022212324, 2.45553511126135]",COMPLETE,3,2022-2023
8,2.3979206120880985,2026-08-10 05:53:37.373299,2026-08-10 05:54:01.162348,0 days 00:00:23.789049,0.6055811114818497,4,0.018538639059657636,0.02334137360027704,0.09214163543054199,,,PRUNED,3,2022-2023
9,2.403693198020587,2026-08-10 05:54:01.164358,2026-08-10 05:54:09.755331,0 days 00:00:08.590973,0.3149482458341786,6,15.803641842561598,0.09071594101754456,0.09696995604811115,,,PRUNED,3,2022-2023
10,2.399951308319853,2026-08-10 05:54:09.758333,2026-08-10 05:56:22.444317,0 days 00:02:12.685984,0.20092550893029948,4,0.13012587330894432,0.010041833768324723,3.7336141374627014,0.057949267873219974,"[2.3844849765397464, 2.3379867632968923, 2.47738218512292]",COMPLETE,3,2022-2023
11,2.3957128208965224,2026-08-10 05:56:22.448304,2026-08-10 05:56:46.094441,0 days 00:00:23.646137,1.1062893919359307,5,16.793939903032904,0.144416115484065,0.0014640940072831639,0.05549383840505507,"[2.3909663025543892, 2.3302447057145415, 2.4659274544206373]",COMPLETE,3,2022-2023
12,2.370835858307524,2026-08-10 05:56:46.097441,2026-08-10 05:57:01.984858,0 days 00:00:15.887417,1.3857514584016397,5,4.467805506440188,0.1474966612094829,2.8263353652803644,,,PRUNED,3,2022-2023
13,2.4039610598390038,2026-08-10 05:57:01.988871,2026-08-10 05:57:21.238602,0 days 00:00:19.249731,1.9540336920801462,4,6.80470398510035,0.04662189784711159,0.031850457262004604,,,PRUNED,3,2022-2023
14,2.40506562640477,2026-08-10 05:57:21.241595,2026-08-10 05:57:28.890373,0 days 00:00:07.648778,0.7855168157786102,5,0.7862288110523609,0.1060579292278418,0.6377184682696805,,,PRUNED,3,2022-2023
0,2.364980746365083,2026-08-10 05:57:40.745296,2026-08-10 05:58:42.355257,0 days 00:01:01.609961,1.1044171437377166,7,6.8746962077143765,0.04299319633203141,0.28691542320039487,0.0635731617065604,"[2.335681592391832, 2.4532407167509533, 2.306019929952465]",COMPLETE,4,2023-2024
1,2.3746695262921262,2026-08-10 05:58:42.359255,2026-08-10 05:59:05.704722,0 days 00:00:23.345467,0.3671790657819842,6,1.4187548886332273,0.13186879322049488,0.47662580340148125,0.06740323158805323,"[2.3411559859669904, 2.4687077651514375, 2.314144827757951]",COMPLETE,4,2023-2024
2,2.3719401847125385,2026-08-10 05:59:05.706719,2026-08-10 05:59:36.653769,0 days 00:00:30.947050,0.6171181768161942,5,14.424348260290694,0.14296944890844038,0.1389442524402147,0.06749639057306718,"[2.333346378725822, 2.4668448433608745, 2.315629332050919]",COMPLETE,4,2023-2024
3,2.3608060232416634,2026-08-10 05:59:36.657770,2026-08-10 06:00:15.506988,0 days 00:00:38.849218,0.7633826153653365,8,7.514798621927339,0.11211447552021987,0.16932875456218882,0.058466607181840595,"[2.335812220677291, 2.441559782113863, 2.305046066933836]",COMPLETE,4,2023-2024
4,2.36698021911711,2026-08-10 06:00:15.509986,2026-08-10 06:01:17.299346,0 days 00:01:01.789360,1.9493409639983978,7,0.20103326094554796,0.04108921251562006,2.0796108531613506,0.0801506907226622,"[2.335641747764888, 2.4769872785701095, 2.2883116310163327]",COMPLETE,4,2023-2024
5,2.34346856093212,2026-08-10 06:01:17.303351,2026-08-10 06:02:01.027893,0 days 00:00:43.724542,1.0920494523687392,5,6.935896943806514,0.013119908661890166,0.0014626810816408618,,,PRUNED,4,2023-2024
6,2.3622663414634144,2026-08-10 06:02:01.035892,2026-08-10 06:02:39.205921,0 days 00:00:38.170029,1.704826633285652,5,0.03190409891818039,0.0730633301011996,0.0024078762063179846,0.06667379266408646,"[2.334835340971416, 2.4541083231438563, 2.29785536027497]",COMPLETE,4,2023-2024
7,2.342405284656806,2026-08-10 06:02:39.208847,2026-08-10 06:03:20.856329,0 days 00:00:41.647482,0.5893198654509513,7,0.6941343053664986,0.010101872969986802,0.001446232753685373,,,PRUNED,4,2023-2024
8,2.3465612667438545,2026-08-10 06:03:20.859348,2026-08-10 06:03:30.428508,0 days 00:00:09.569160,0.13174842647010188,5,0.07077849516751762,0.06678174273533262,0.03228891638059613,,,PRUNED,4,2023-2024
9,2.338861458893951,2026-08-10 06:03:30.430867,2026-08-10 06:03:38.750106,0 days 00:00:08.319239,1.762612716764487,4,0.0686568406809845,0.08928077167108806,0.3449164744493141,,,PRUNED,4,2023-2024
10,2.3504590171607993,2026-08-10 06:03:38.759701,2026-08-10 06:03:58.352356,0 days 00:00:19.592655,1.2574217379455095,8,0.013320875536701705,0.02234345254269759,0.01767002042396843,,,PRUNED,4,2023-2024
11,2.343546932884849,2026-08-10 06:03:58.355356,2026-08-10 06:04:16.219386,0 days 00:00:17.864030,1.4935182446195368,8,0.014978625802875898,0.06755055250350867,0.009238598930626682,,,PRUNED,4,2023-2024
12,2.372367894701972,2026-08-10 06:04:16.227374,2026-08-10 06:05:28.621200,0 days 00:01:12.393826,0.8814949028348288,4,1.589950312071805,0.08979988869386642,4.122949091587837,0.07178306808843896,"[2.3265835754508606, 2.4737269924563883, 2.3167931161986672]",COMPLETE,4,2023-2024
13,2.340389166615404,2026-08-10 06:05:28.630501,2026-08-10 06:05:55.401384,0 days 00:00:26.770883,1.537936094556089,6,0.1746137075576112,0.04393348768020933,0.0045468233303423405,,,PRUNED,4,2023-2024
14,2.347677471844918,2026-08-10 06:05:55.424781,2026-08-10 06:06:14.868099,0 days 00:00:19.443318,0.05490108543576255,6,0.532883028938407,0.09199225383386454,0.04120616917345572,,,PRUNED,4,2023-2024
