number,value,params_bagging_temperature,params_depth,params_l2_leaf_reg,params_learning_rate,params_random_strength,state,user_attrs_inner_mae_std,user_attrs_inner_maes,outer_fold,outer_val_season
0,2.362804098076163,1.9001860301761613,5,5.112505935948856,0.014806639229849893,0.0039574208838629825,COMPLETE,0.0391160829486866,"[2.356826375983251, 2.3181662644356296, 2.413419653809609]",1,2020-2021
1,2.365494524690298,1.9411859187290836,5,1.7379040838432596,0.015069894778936563,0.007132800525536057,COMPLETE,0.04115576154944286,"[2.3506397612803496, 2.3241859128576645, 2.42165789993288]",1,2020-2021
2,2.381847121357287,0.3335820376143108,8,0.06554888754702204,0.02402037397029213,0.00516025329927254,COMPLETE,0.05289538015795364,"[2.395099979776774, 2.311462138440088, 2.438979245854998]",1,2020-2021
3,2.372246335739128,1.4697810062698171,7,0.025581310343260215,0.019423217258018592,0.31176832902715307,COMPLETE,0.050545758513973894,"[2.371059843851821, 2.3109424514312065, 2.434736711934357]",1,2020-2021
4,2.3619209242289343,0.9087734589644403,6,5.041470949972123,0.03457495084226444,0.0630518605307692,COMPLETE,0.040828444075120665,"[2.3548981480121447, 2.3157991255662824, 2.415065499108375]",1,2020-2021
5,2.382764011483152,1.3103265915500875,4,4.741676192448358,0.025064121198136884,2.9945872820650576,PRUNED,,,1,2020-2021
6,2.39947245950746,0.15361145972887136,6,0.015078360354216473,0.055114954545088954,0.004399981670109355,PRUNED,,,1,2020-2021
7,2.3834491082194447,0.6820410791860918,6,0.6100987646390844,0.04679347801942332,0.5661897209403929,PRUNED,,,1,2020-2021
8,2.360700065819948,1.1065721290135575,6,6.860466437250665,0.016802840707363223,0.10123734849571585,COMPLETE,0.048009641806472055,"[2.3526299688293024, 2.3063523796199883, 2.4231178490105543]",1,2020-2021
9,2.3621285291144325,1.6257998312808397,8,1.8514876435398029,0.04369260307000526,0.2020662604762416,PRUNED,,,1,2020-2021
10,2.366818528180681,0.9805573087065942,4,0.18161126042882814,0.1337212109328161,0.029921015633884957,PRUNED,,,1,2020-2021
11,2.3685693830109806,0.9884586168445684,6,15.733769519726378,0.010191338932206244,0.054239354771965495,PRUNED,,,1,2020-2021
12,2.378241092153084,0.8295078583685908,7,12.818314723122098,0.03387659457958296,0.03559803012547791,PRUNED,,,1,2020-2021
13,2.3709168450428337,0.5182636959668239,5,0.7899536292196687,0.08445003395837687,0.10047601291784235,PRUNED,,,1,2020-2021
14,2.3821511398662,1.1603230361126424,7,8.244955359541795,0.030216098083011084,1.3448296042247834,PRUNED,,,1,2020-2021
0,2.363992846049199,1.8281416153319876,7,0.5841965320720277,0.053762494320805994,0.19162190965722323,COMPLETE,0.047731657147174665,"[2.324122955280544, 2.431100458292575, 2.336755124574477]",2,2021-2022
1,2.3744521570672568,1.0954440297461379,5,0.19165468813070394,0.12157277286199462,0.1675159496293046,COMPLETE,0.0473167884373208,"[2.3425316545973667, 2.4413449994751, 2.339479817129304]",2,2021-2022
2,2.385278084557806,1.0224782815350362,8,0.2531024905754316,0.033772502793670445,0.0675649661168369,COMPLETE,0.054746770627612455,"[2.3359571632659493, 2.461624117498336, 2.3582529729091335]",2,2021-2022
3,2.3727365472786617,0.7609505427397749,5,9.38130600633775,0.051754511438458974,0.21293394330170354,COMPLETE,0.05702598811069212,"[2.315364115439016, 2.450506854598908, 2.352338671798062]",2,2021-2022
4,2.3622887936693346,1.4666304787720816,8,0.03681153836714184,0.011562472350028184,1.7701667950113096,COMPLETE,0.04652070660724315,"[2.322754728479091, 2.427597647506102, 2.336514005022812]",2,2021-2022
5,2.3352082608036637,1.7699968417165322,6,0.02360780326110868,0.08021576394351584,0.001724388063552219,PRUNED,,,2,2021-2022
6,2.327940651248557,1.2737326758699692,4,0.1444420764244803,0.010241165598979534,0.565035715316131,PRUNED,,,2,2021-2022
7,2.3309898453574487,0.9118067758461839,5,0.20554357964410871,0.1462939874228049,0.13395260349633056,PRUNED,,,2,2021-2022
8,2.375488068461109,0.4296804440605597,6,12.84092909378076,0.011114695216957297,0.006870107497216659,COMPLETE,0.06396319234829372,"[2.3104574645691707, 2.46245702392238, 2.353549716891775]",2,2021-2022
9,2.3252576536393943,0.10773008817828811,8,0.25147010472679326,0.09684547618663013,0.7784175942174748,PRUNED,,,2,2021-2022
10,2.3479508983920865,1.4281862614800693,7,0.014145919466910482,0.02019768424145793,3.831763489688446,PRUNED,,,2,2021-2022
11,2.325913617879135,1.917048596284602,7,1.873625059488606,0.02463714041758395,4.440148191096727,PRUNED,,,2,2021-2022
12,2.3324126392690188,1.5901251112997565,7,1.3810614788339404,0.051972080268776,0.025013104658277635,PRUNED,,,2,2021-2022
13,2.34324194767516,1.6676283504134617,8,0.041571824557707894,0.01578874976905028,1.1336556154085595,PRUNED,,,2,2021-2022
14,2.3646524131221707,1.9415560201568407,7,1.076273815404312,0.04047400219321954,0.023338960741526926,COMPLETE,0.061719217978242875,"[2.3086170195897697, 2.450626289934338, 2.334713929842405]",2,2021-2022
0,2.4079402105532393,1.5656647399587598,5,0.036239149333817375,0.01864694911829901,0.008972112465833846,COMPLETE,0.05765875148972199,"[2.4436721664311034, 2.3265981116562098, 2.4535503535724055]",3,2022-2023
1,2.419239483582441,1.0535222829324458,8,1.6422108774231945,0.060782543916386204,0.02162392639431045,COMPLETE,0.060200574885450255,"[2.458600205733097, 2.3341816494093997, 2.4649365956048257]",3,2022-2023
2,2.413476758373321,1.5679948011263827,7,1.9011035754999115,0.019650155848972683,0.7775729113967866,COMPLETE,0.056412177614970874,"[2.4426665828741148, 2.3345820305391753, 2.4631816617066744]",3,2022-2023
3,2.4214645217370996,1.4598196845307594,4,5.448674066106132,0.13840299724396002,0.06481750971048783,COMPLETE,0.062317798508056244,"[2.4474942313234833, 2.335531200966678, 2.481368132921138]",3,2022-2023
4,2.4084570672277437,1.8735425683393465,7,0.6227788538614699,0.03848243113235904,0.2798196625513979,COMPLETE,0.06244765856604256,"[2.441598807390763, 2.320993433871011, 2.462778960421456]",3,2022-2023
5,2.4622354448649233,1.0871160892383394,6,0.17454609647456312,0.07713278768104695,0.004550258185916355,PRUNED,,,3,2022-2023
6,2.4652122127022094,0.5785719406900149,7,4.248498630544682,0.018737456446894146,0.23137910403412185,PRUNED,,,3,2022-2023
7,2.447560060108213,1.065966756465315,5,10.736358767647047,0.05885640348474968,0.7302621598117415,PRUNED,,,3,2022-2023
8,2.4474015848827877,0.6055811114818497,4,0.018538639059657636,0.02334137360027704,0.09214163543054199,PRUNED,,,3,2022-2023
9,2.456739596878459,0.3149482458341786,6,15.803641842561598,0.09071594101754456,0.09696995604811115,PRUNED,,,3,2022-2023
10,2.39988330527299,0.20081366684287838,5,0.013865717104807017,0.010027317313954806,3.688842910266289,PRUNED,,,3,2022-2023
11,2.453175314932585,1.9674360808540192,8,0.15093286315065585,0.03439247724993188,0.001208982077030682,PRUNED,,,3,2022-2023
12,2.401154663319755,1.970467424367437,6,0.16576439739399348,0.03506817295006222,0.012033738407525573,COMPLETE,0.05188187416457638,"[2.420877545661251, 2.330089878822429, 2.4524965654755864]",3,2022-2023
13,2.443673846199064,1.6045996657725017,5,0.06138080013322687,0.011432186011212602,0.010324137133048816,PRUNED,,,3,2022-2023
14,2.406530277023859,1.7301397135447982,6,0.05187377001439246,0.03260554860074169,0.0024415219542867853,COMPLETE,0.05255372972863594,"[2.431655231562722, 2.3333922745222777, 2.4545433249865773]",3,2022-2023
0,2.3710597182532265,1.1044171437377166,7,6.8746962077143765,0.04299319633203141,0.28691542320039487,COMPLETE,0.06093719127168592,"[2.3388036708530495, 2.456395201628636, 2.317980282277994]",4,2023-2024
1,2.3790577987997277,0.3671790657819842,6,1.4187548886332273,0.13186879322049488,0.47662580340148125,COMPLETE,0.06649423140782383,"[2.351197082454938, 2.470770285892217, 2.3152060280520277]",4,2023-2024
2,2.3711908716544237,0.6171181768161942,5,14.424348260290694,0.14296944890844038,0.1389442524402147,COMPLETE,0.0447820393964134,"[2.347230982894328, 2.4339407813358753, 2.3324008507330674]",4,2023-2024
3,2.3796249407941255,0.7633826153653365,8,7.514798621927339,0.11211447552021987,0.16932875456218882,COMPLETE,0.05949733240239806,"[2.342143683759717, 2.4636056288824446, 2.333125509740215]",4,2023-2024
4,2.365552980517824,1.9493409639983978,7,0.20103326094554796,0.04108921251562006,2.0796108531613506,COMPLETE,0.06731690009354353,"[2.3358890597211657, 2.4587264140292704, 2.3020434678030344]",4,2023-2024
5,2.3432571426537825,1.0920494523687392,5,6.935896943806514,0.013119908661890166,0.0014626810816408618,PRUNED,,,4,2023-2024
6,2.3476009275614924,1.704826633285652,5,0.03190409891818039,0.0730633301011996,0.0024078762063179846,PRUNED,,,4,2023-2024
7,2.3481270364572953,0.5893198654509513,7,0.6941343053664986,0.010101872969986802,0.001446232753685373,PRUNED,,,4,2023-2024
8,2.3466873598694513,0.13174842647010188,5,0.07077849516751762,0.06678174273533262,0.03228891638059613,PRUNED,,,4,2023-2024
9,2.3447395311760633,1.762612716764487,4,0.0686568406809845,0.08928077167108806,0.3449164744493141,PRUNED,,,4,2023-2024
10,2.3698517077999064,1.9624336675931442,8,0.01245592705884425,0.025710462073984003,3.5749458143011053,COMPLETE,0.06959743913964957,"[2.33438382128144, 2.467098084499644, 2.308073217618634]",4,2023-2024
11,2.35936311340533,1.9880493918480728,8,0.013605550327209882,0.025622659944134703,4.158180187965457,COMPLETE,0.07508905648124059,"[2.33683247858973, 2.4604996023642394, 2.28075725926202]",4,2023-2024
12,2.3636435136661995,1.487650040235771,7,0.348186149271995,0.028721632462093784,4.1229490915878415,PRUNED,,,4,2023-2024
13,2.365113618908753,1.9925828664464502,8,0.19160472092677536,0.022429960355024814,1.3939244460299973,COMPLETE,0.06470692350312868,"[2.332783359985318, 2.455417433901827, 2.3071400628391143]",4,2023-2024
14,2.3691680042973755,1.4880702033438729,8,0.010349529443436409,0.01925927384303574,1.0034002391927797,COMPLETE,0.057727934140194996,"[2.3367595936692527, 2.450264757415952, 2.320479661806922]",4,2023-2024
