number,value,params_architecture,params_batch_size,params_dropout,params_learning_rate,params_weight_decay,state,user_attrs_inner_best_epochs,user_attrs_inner_mae_std,user_attrs_inner_maes,outer_fold,outer_val_season
0,2.2982465426127114,256_128_64,32,0.27352660476537927,0.0016397833240454419,0.0008593286292144761,COMPLETE,"[6, 13, 3]",0.050813186431644786,"[2.239875555038452, 2.291133403778076, 2.3637306690216064]",1,2020-2021
1,2.313606023788452,128_64,64,0.10055931238509022,0.002864284508146953,0.00013312958389616967,COMPLETE,"[3, 2, 4]",0.04067091879933758,"[2.2717902660369873, 2.300312042236328, 2.368715763092041]",1,2020-2021
2,2.327310482660929,64_32,32,0.05405078595071551,0.0010166679457034198,3.413136608591765e-05,COMPLETE,"[6, 7, 6]",0.03238136938232059,"[2.2962889671325684, 2.313647985458374, 2.3719944953918457]",1,2020-2021
3,2.3365617593129477,64_32,128,0.38919672975378805,0.00010600487835599122,0.0008785383696275648,COMPLETE,"[120, 120, 118]",0.033966553109367595,"[2.294299840927124, 2.3379180431365967, 2.377467393875122]",1,2020-2021
4,2.3376003901163735,128_64,128,0.22806531886471323,0.0009782346799458706,7.057736375257283e-06,COMPLETE,"[10, 17, 20]",0.03135330732038667,"[2.2956926822662354, 2.346010208129883, 2.371098279953003]",1,2020-2021
5,2.3213958740234375,64_32,64,0.23391068091506817,0.0019318245334635417,0.0029163219813876772,COMPLETE,"[6, 7, 6]",0.03469262547042439,"[2.2779085636138916, 2.3234670162200928, 2.362812042236328]",1,2020-2021
6,2.307025909423828,256_128_64,64,0.1338211927570606,0.0015710496199254338,0.0029220729637582034,COMPLETE,"[6, 6, 14]",0.04681124592618604,"[2.253385066986084, 2.3002467155456543, 2.367445945739746]",1,2020-2021
7,2.313813845316569,128_64,32,0.16102584929309438,0.002905786651031062,4.959800025989796e-06,COMPLETE,"[2, 2, 4]",0.05034970594508955,"[2.2457878589630127, 2.329606294631958, 2.3660473823547363]",1,2020-2021
8,2.2899343967437744,128_64_32,128,0.1725999571690885,0.000912748318931223,0.00017045287008011072,PRUNED,,,,1,2020-2021
9,2.3069090048472085,256_128_64,32,0.1523373539456242,0.0014981723596616536,0.00040722577871239745,COMPLETE,"[6, 7, 3]",0.04417776982194698,"[2.256647825241089, 2.299901247024536, 2.364177942276001]",1,2020-2021
10,2.2953861554463706,256_128_64,32,0.39592880373561257,0.00033464635050717116,0.007877893533262572,COMPLETE,"[10, 6, 32]",0.04203871320336615,"[2.2461068630218506, 2.2912240028381348, 2.348827600479126]",1,2020-2021
11,2.2955493132273355,256_128_64,32,0.38022954591882224,0.0003625859093002528,0.008577553470297036,COMPLETE,"[7, 6, 32]",0.04193343691354596,"[2.2461788654327393, 2.2917821407318115, 2.348686933517456]",1,2020-2021
12,2.2966601848602295,256_128_64,32,0.3957345948727776,0.00031082629725639246,0.00912294088982992,COMPLETE,"[10, 6, 32]",0.04429815222038591,"[2.244208574295044, 2.2932193279266357, 2.352552652359009]",1,2020-2021
13,2.3002278010050454,256_128_64,32,0.3243294535073086,0.00032725599096682643,0.0096276784125963,COMPLETE,"[10, 6, 38]",0.04372145288708888,"[2.245922327041626, 2.3017771244049072, 2.3529839515686035]",1,2020-2021
14,2.2603631019592285,128_64_32,32,0.3356949891438511,0.0003286128293552922,0.002994735759450737,PRUNED,,,,1,2020-2021
0,2.348915974299113,64_32,32,0.3726710067547227,0.00011683433831191501,0.0010416880893998764,COMPLETE,"[38, 41, 21]",0.025925387613735387,"[2.3562686443328857, 2.3763465881347656, 2.3141326904296875]",2,2021-2022
1,2.3551739851633706,128_64_32,64,0.23982563577273905,0.00018124966269448078,0.00012848716969583577,COMPLETE,"[29, 52, 16]",0.029199289241594262,"[2.3729238510131836, 2.3785884380340576, 2.314009666442871]",2,2021-2022
2,2.345649560292562,128_64,32,0.0798188703412337,0.0005603563784132954,2.0992002399672707e-05,COMPLETE,"[14, 5, 6]",0.02005473498140276,"[2.3360912799835205, 2.37355375289917, 2.327303647994995]",2,2021-2022
3,2.3469788233439126,128_64_32,128,0.11592228117033843,0.0007111980797839182,2.7365682530822933e-05,COMPLETE,"[35, 29, 8]",0.025013754653144486,"[2.3627207279205322, 2.3665428161621094, 2.3116729259490967]",2,2021-2022
4,2.3359874884287515,128_64_32,128,0.25987642876416855,0.0008450077678954893,3.4591920931377335e-05,COMPLETE,"[29, 29, 8]",0.029785500289217018,"[2.3397364616394043, 2.370447874069214, 2.2977781295776367]",2,2021-2022
5,2.3693597316741943,64_32,64,0.26941237719014793,0.00037807330055338983,4.625685564146171e-05,PRUNED,,,,2,2021-2022
6,2.3967134952545166,128_64,128,0.07719271552374543,0.00032989667818438516,0.000978120956256559,PRUNED,,,,2,2021-2022
7,2.3470733165740967,128_64_32,64,0.36823113735800705,0.00010338147221203906,5.41639047794964e-06,PRUNED,,,,2,2021-2022
8,2.393551826477051,64_32,128,0.21567628944640252,0.00010577053543464642,0.00026890780902886336,PRUNED,,,,2,2021-2022
9,2.3294721444447837,128_64_32,128,0.3981590108217773,0.002084435246891893,0.002440087781832958,COMPLETE,"[16, 6, 11]",0.03670717424046742,"[2.3101954460144043, 2.3808529376983643, 2.297368049621582]",2,2021-2022
10,2.3325157165527344,256_128_64,128,0.004242667796316851,0.002871757406986745,0.008324151836157452,COMPLETE,"[6, 5, 6]",0.03579017947325364,"[2.320303201675415, 2.3811607360839844, 2.2960832118988037]",2,2021-2022
11,2.3302730719248452,256_128_64,128,0.023366896217509814,0.0028031209347417134,0.007195819694821306,COMPLETE,"[6, 10, 6]",0.038950870508757875,"[2.3166615962982178, 2.3833043575286865, 2.290853261947632]",2,2021-2022
12,2.3209645748138428,256_128_64,128,0.16146528230052076,0.002954487686726783,0.0091703769685239,COMPLETE,"[6, 10, 6]",0.03627365825557512,"[2.3005692958831787, 2.3719260692596436, 2.290398359298706]",2,2021-2022
13,2.3235296408335366,256_128_64,128,0.1817787515430082,0.0014813789350276998,0.0024459953264158382,COMPLETE,"[7, 13, 6]",0.029204448153810642,"[2.3112640380859375, 2.363816738128662, 2.2955081462860107]",2,2021-2022
14,2.3275654315948486,256_128_64,128,0.16892054964361888,0.0013406265570819864,0.0020424075862311604,COMPLETE,"[7, 13, 6]",0.026657571575953515,"[2.3155972957611084, 2.364509344100952, 2.3025896549224854]",2,2021-2022
0,2.3910556634267173,128_64,128,0.1800319251121771,0.00045708537867114195,0.0043763198716860454,COMPLETE,"[13, 19, 16]",0.05908395590012523,"[2.3746371269226074, 2.328312873840332, 2.470216989517212]",3,2022-2023
1,2.3906466166178384,128_64,128,0.28404621998104546,0.00033662560158673383,5.020518172992405e-05,COMPLETE,"[16, 19, 16]",0.062276732942541865,"[2.3719937801361084, 2.325430154800415, 2.474515914916992]",3,2022-2023
2,2.364350954691569,64_32,32,0.3195119523164869,0.0028470396985691413,0.0008810309143492398,COMPLETE,"[6, 3, 5]",0.05482278497718784,"[2.360536575317383, 2.2991955280303955, 2.4333207607269287]",3,2022-2023
3,2.3557686805725098,128_64_32,64,0.25350895511935695,0.0025906295290757616,0.0026162135222552005,COMPLETE,"[5, 1, 8]",0.0410598016969271,"[2.3711318969726562, 2.299591302871704, 2.396582841873169]",3,2022-2023
4,2.3836452960968018,256_128_64,128,0.22172282436822718,0.00024810962894399296,4.2472320949880355e-06,COMPLETE,"[14, 19, 6]",0.06506674414976128,"[2.3775534629821777, 2.307175874710083, 2.4662065505981445]",3,2022-2023
5,2.375718593597412,128_64_32,128,0.24377888381109236,0.002061125454238001,0.00011169072988498377,PRUNED,,,,3,2022-2023
6,2.3785173892974854,128_64,32,0.3837006373505448,0.002987610874857567,2.3859122697480017e-05,PRUNED,,,,3,2022-2023
7,2.3730356693267822,256_128_64,128,0.06488468443588342,0.0010203339829786776,0.0005091037041881607,PRUNED,,,,3,2022-2023
8,2.388939301172892,128_64,32,0.3277203996740925,0.0001217320321244546,0.000309785319700096,COMPLETE,"[19, 27, 26]",0.06961966733558113,"[2.3661606311798096, 2.317375659942627, 2.4832816123962402]",3,2022-2023
9,2.3811652660369873,256_128_64,32,0.15238329866357378,0.0005623085192315939,6.857553495615283e-06,PRUNED,,,,3,2022-2023
10,2.373255491256714,128_64_32,64,0.006339734327792446,0.00010270821544664942,1.09601422472567e-06,PRUNED,,,,3,2022-2023
11,2.366156816482544,64_32,64,0.35416279906681875,0.0015341764099625632,0.006834995765379651,COMPLETE,"[5, 6, 9]",0.05509651043052399,"[2.3637447357177734, 2.2999160289764404, 2.434809684753418]",3,2022-2023
12,2.3735667864481607,64_32,64,0.2906669028653317,0.0011836077635497338,0.0016434537966059292,COMPLETE,"[5, 6, 8]",0.05672430740694056,"[2.3678395748138428, 2.3071348667144775, 2.445725917816162]",3,2022-2023
13,2.362045923868815,64_32,64,0.39936842998566485,0.0025199162660960494,0.0012066961618432761,COMPLETE,"[5, 9, 9]",0.05069754151199586,"[2.362602710723877, 2.299677848815918, 2.4238572120666504]",3,2022-2023
14,2.355350971221924,128_64_32,64,0.3965444212987478,0.0008765566651081348,0.002661191236558991,COMPLETE,"[10, 8, 6]",0.05077998337094994,"[2.361433506011963, 2.2903406620025635, 2.414278745651245]",3,2022-2023
0,2.3729979197184243,64_32,32,0.32067667106787534,0.00010182022589540344,0.003726252824060066,COMPLETE,"[30, 24, 25]",0.05653179741517027,"[2.331336498260498, 2.4529218673706055, 2.33473539352417]",4,2023-2024
1,2.355940898259481,64_32,32,0.31883676606499267,0.0006738466716962448,0.0009400748489652,COMPLETE,"[8, 2, 17]",0.05786862913457349,"[2.3181886672973633, 2.437699794769287, 2.311934232711792]",4,2023-2024
2,2.3549323081970215,128_64,32,0.021452059666484627,0.0010002977071778892,0.0010074922163141908,COMPLETE,"[8, 4, 8]",0.06157949090199,"[2.3354570865631104, 2.4381790161132812, 2.291160821914673]",4,2023-2024
3,2.360886017481486,128_64,32,0.1414299217183344,0.00022620307394850036,2.526113357963245e-06,COMPLETE,"[18, 12, 9]",0.05639136254637138,"[2.331879138946533, 2.4397239685058594, 2.3110549449920654]",4,2023-2024
4,2.3695223331451416,64_32,64,0.26258559177843316,0.00037256013013645345,0.0065705000190228275,COMPLETE,"[13, 21, 17]",0.05453825117677503,"[2.331631660461426, 2.4466471672058105, 2.3302881717681885]",4,2023-2024
5,2.342801332473755,256_128_64,128,0.304762933458727,0.0006748533858320731,1.0042053308894948e-06,COMPLETE,"[9, 3, 8]",0.06225075311592199,"[2.3159663677215576, 2.4288318157196045, 2.2836058139801025]",4,2023-2024
6,2.357961893081665,128_64_32,32,0.08864504986347228,0.00017666749177562595,1.955066406054283e-05,COMPLETE,"[22, 6, 25]",0.058089105000491775,"[2.3287734985351562, 2.439058303833008, 2.306053876876831]",4,2023-2024
7,2.349230686823527,128_64,32,0.3309669054425686,0.00036222910330963406,6.66096776503139e-06,COMPLETE,"[18, 12, 33]",0.05772721088874193,"[2.318051815032959, 2.430161952972412, 2.29947829246521]",4,2023-2024
8,2.346580743789673,256_128_64,64,0.2638481737568334,0.00019639586728157417,4.562607288776586e-06,COMPLETE,"[13, 4, 18]",0.06778336998593563,"[2.324022054672241, 2.4385459423065186, 2.277174234390259]",4,2023-2024
9,2.3401002089182534,256_128_64,32,0.32323355079931426,0.00023682490551150758,0.0014386383641279198,COMPLETE,"[11, 23, 21]",0.059214082518223396,"[2.3247368335723877, 2.4190731048583984, 2.2764906883239746]",4,2023-2024
10,2.333321491877238,256_128_64,128,0.39194766923313484,0.002790396351953839,6.638565645203533e-05,COMPLETE,"[8, 4, 12]",0.045051243085087726,"[2.3043570518493652, 2.3969485759735107, 2.298658847808838]",4,2023-2024
11,2.336522897084554,256_128_64,128,0.39891788370108544,0.0028603835802585285,8.855519703913121e-05,COMPLETE,"[8, 4, 6]",0.04356156970611415,"[2.3074538707733154, 2.3980963230133057, 2.304018497467041]",4,2023-2024
12,2.3316285610198975,256_128_64,128,0.39401120771445197,0.0028261728243691754,8.318308206340907e-05,COMPLETE,"[8, 4, 12]",0.043747458260085796,"[2.303157329559326, 2.393433094024658, 2.298295259475708]",4,2023-2024
13,2.335977872212728,256_128_64,128,0.38209428230477227,0.002728847587490643,0.00010534063032247495,COMPLETE,"[8, 4, 12]",0.0432526254136829,"[2.3126511573791504, 2.396611452102661, 2.298671007156372]",4,2023-2024
14,2.330547332763672,128_64_32,128,0.3955907222930193,0.001570485838023924,0.00013333272375254247,COMPLETE,"[2, 6, 25]",0.051847488622153194,"[2.2910823822021484, 2.4037973880767822, 2.296762228012085]",4,2023-2024
